2021-07-27 09:32:13,868 INFO 5140 [egg:logger] init all loggers with options: {"dir":"D:\\Tyh----------Tyh----------------\\我的项目\\egg-weibo\\logs\\weibo","encoding":"utf8","env":"local","level":"INFO","consoleLevel":"INFO","disableConsoleAfterReady":false,"outputJSON":false,"buffer":true,"appLogName":"weibo-web.log","coreLogName":"egg-web.log","agentLogName":"egg-agent.log","errorLogName":"common-error.log","coreLogger":{"consoleLevel":"WARN"},"allowDebugAtProd":false,"type":"application"}
2021-07-27 09:32:13,901 INFO 5140 [egg-multipart] file mode enable
2021-07-27 09:32:13,901 INFO 5140 [egg-multipart] will save temporary files to "C:\\Users\\Admin\\AppData\\Local\\Temp\\egg-multipart-tmp\\weibo", cleanup job cron: "0 30 4 * * *"
2021-07-27 09:32:13,968 INFO 5140 [egg-redis] server connecting redis://:***@127.0.0.1:6379/0
2021-07-27 09:32:14,500 INFO 5140 [egg-static] starting static serve / -> D:\Tyh----------Tyh----------------\我的项目\egg-weibo/app/public
2021-07-27 09:32:14,503 INFO 5140 [egg-security] use methodnoallow middleware
2021-07-27 09:32:14,504 INFO 5140 [egg-security] use noopen middleware
2021-07-27 09:32:14,505 INFO 5140 [egg-security] use nosniff middleware
2021-07-27 09:32:14,506 INFO 5140 [egg-security] use xssProtection middleware
2021-07-27 09:32:14,506 INFO 5140 [egg-security] use xframe middleware
2021-07-27 09:32:14,507 INFO 5140 [egg-security] use dta middleware
2021-07-27 09:32:14,507 INFO 5140 [egg-security] compose 6 middlewares into one security middleware
2021-07-27 09:32:14,535 INFO 5140 [egg:core] dump config after load, 8ms
2021-07-27 09:32:14,563 INFO 5140 [egg-redis] client connect success
2021-07-27 09:32:14,566 INFO 5140 [egg-redis] instance[0] status OK, client ready
2021-07-27 09:32:14,598 INFO 5140 [egg-watcher:application] watcher start success
2021-07-27 09:32:14,637 INFO 5140 [egg:core] dump config after ready, 7ms
2021-07-27 09:32:18,008 INFO 5140 [egg-view-nunjucks] loading templates from ["D:\\Tyh----------Tyh----------------\\我的项目\\egg-weibo\\app\\view"]
2021-07-27 09:32:44,823 INFO 11692 [egg:logger] init all loggers with options: {"dir":"D:\\Tyh----------Tyh----------------\\我的项目\\egg-weibo\\logs\\weibo","encoding":"utf8","env":"local","level":"INFO","consoleLevel":"INFO","disableConsoleAfterReady":false,"outputJSON":false,"buffer":true,"appLogName":"weibo-web.log","coreLogName":"egg-web.log","agentLogName":"egg-agent.log","errorLogName":"common-error.log","coreLogger":{"consoleLevel":"WARN"},"allowDebugAtProd":false,"type":"application"}
2021-07-27 09:32:44,861 INFO 11692 [egg-multipart] file mode enable
2021-07-27 09:32:44,861 INFO 11692 [egg-multipart] will save temporary files to "C:\\Users\\Admin\\AppData\\Local\\Temp\\egg-multipart-tmp\\weibo", cleanup job cron: "0 30 4 * * *"
2021-07-27 09:32:44,931 INFO 11692 [egg-redis] server connecting redis://:***@127.0.0.1:6379/0
2021-07-27 09:32:45,581 INFO 11692 [egg-static] starting static serve / -> D:\Tyh----------Tyh----------------\我的项目\egg-weibo/app/public
2021-07-27 09:32:45,584 INFO 11692 [egg-security] use methodnoallow middleware
2021-07-27 09:32:45,585 INFO 11692 [egg-security] use noopen middleware
2021-07-27 09:32:45,586 INFO 11692 [egg-security] use nosniff middleware
2021-07-27 09:32:45,587 INFO 11692 [egg-security] use xssProtection middleware
2021-07-27 09:32:45,588 INFO 11692 [egg-security] use xframe middleware
2021-07-27 09:32:45,588 INFO 11692 [egg-security] use dta middleware
2021-07-27 09:32:45,588 INFO 11692 [egg-security] compose 6 middlewares into one security middleware
2021-07-27 09:32:45,615 INFO 11692 [egg:core] dump config after load, 6ms
2021-07-27 09:32:45,644 INFO 11692 [egg-redis] client connect success
2021-07-27 09:32:45,647 INFO 11692 [egg-redis] instance[0] status OK, client ready
2021-07-27 09:32:45,671 INFO 11692 [egg-watcher:application] watcher start success
2021-07-27 09:32:45,720 INFO 11692 [egg:core] dump config after ready, 13ms
2021-07-27 09:32:48,573 INFO 6520 [egg:logger] init all loggers with options: {"dir":"D:\\Tyh----------Tyh----------------\\我的项目\\egg-weibo\\logs\\weibo","encoding":"utf8","env":"local","level":"INFO","consoleLevel":"INFO","disableConsoleAfterReady":false,"outputJSON":false,"buffer":true,"appLogName":"weibo-web.log","coreLogName":"egg-web.log","agentLogName":"egg-agent.log","errorLogName":"common-error.log","coreLogger":{"consoleLevel":"WARN"},"allowDebugAtProd":false,"type":"application"}
2021-07-27 09:32:48,611 INFO 6520 [egg-multipart] file mode enable
2021-07-27 09:32:48,611 INFO 6520 [egg-multipart] will save temporary files to "C:\\Users\\Admin\\AppData\\Local\\Temp\\egg-multipart-tmp\\weibo", cleanup job cron: "0 30 4 * * *"
2021-07-27 09:32:48,682 INFO 6520 [egg-redis] server connecting redis://:***@127.0.0.1:6379/0
2021-07-27 09:32:49,254 INFO 6520 [egg-static] starting static serve / -> D:\Tyh----------Tyh----------------\我的项目\egg-weibo/app/public
2021-07-27 09:32:49,258 INFO 6520 [egg-security] use methodnoallow middleware
2021-07-27 09:32:49,259 INFO 6520 [egg-security] use noopen middleware
2021-07-27 09:32:49,260 INFO 6520 [egg-security] use nosniff middleware
2021-07-27 09:32:49,261 INFO 6520 [egg-security] use xssProtection middleware
2021-07-27 09:32:49,262 INFO 6520 [egg-security] use xframe middleware
2021-07-27 09:32:49,262 INFO 6520 [egg-security] use dta middleware
2021-07-27 09:32:49,262 INFO 6520 [egg-security] compose 6 middlewares into one security middleware
2021-07-27 09:32:49,293 INFO 6520 [egg:core] dump config after load, 6ms
2021-07-27 09:32:49,323 INFO 6520 [egg-redis] client connect success
2021-07-27 09:32:49,326 INFO 6520 [egg-redis] instance[0] status OK, client ready
2021-07-27 09:32:49,355 INFO 6520 [egg-watcher:application] watcher start success
2021-07-27 09:32:49,403 INFO 6520 [egg:core] dump config after ready, 7ms
2021-07-27 09:32:59,621 INFO 10424 [egg:logger] init all loggers with options: {"dir":"D:\\Tyh----------Tyh----------------\\我的项目\\egg-weibo\\logs\\weibo","encoding":"utf8","env":"local","level":"INFO","consoleLevel":"INFO","disableConsoleAfterReady":false,"outputJSON":false,"buffer":true,"appLogName":"weibo-web.log","coreLogName":"egg-web.log","agentLogName":"egg-agent.log","errorLogName":"common-error.log","coreLogger":{"consoleLevel":"WARN"},"allowDebugAtProd":false,"type":"application"}
2021-07-27 09:32:59,655 INFO 10424 [egg-multipart] file mode enable
2021-07-27 09:32:59,655 INFO 10424 [egg-multipart] will save temporary files to "C:\\Users\\Admin\\AppData\\Local\\Temp\\egg-multipart-tmp\\weibo", cleanup job cron: "0 30 4 * * *"
2021-07-27 09:32:59,721 INFO 10424 [egg-redis] server connecting redis://:***@127.0.0.1:6379/0
2021-07-27 09:33:00,265 INFO 10424 [egg-static] starting static serve / -> D:\Tyh----------Tyh----------------\我的项目\egg-weibo/app/public
2021-07-27 09:33:00,268 INFO 10424 [egg-security] use methodnoallow middleware
2021-07-27 09:33:00,269 INFO 10424 [egg-security] use noopen middleware
2021-07-27 09:33:00,271 INFO 10424 [egg-security] use nosniff middleware
2021-07-27 09:33:00,271 INFO 10424 [egg-security] use xssProtection middleware
2021-07-27 09:33:00,272 INFO 10424 [egg-security] use xframe middleware
2021-07-27 09:33:00,272 INFO 10424 [egg-security] use dta middleware
2021-07-27 09:33:00,272 INFO 10424 [egg-security] compose 6 middlewares into one security middleware
2021-07-27 09:33:00,299 INFO 10424 [egg:core] dump config after load, 6ms
2021-07-27 09:33:00,326 INFO 10424 [egg-redis] client connect success
2021-07-27 09:33:00,329 INFO 10424 [egg-redis] instance[0] status OK, client ready
2021-07-27 09:33:00,354 INFO 10424 [egg-watcher:application] watcher start success
2021-07-27 09:33:00,396 INFO 10424 [egg:core] dump config after ready, 5ms
2021-07-27 09:33:02,773 INFO 2588 [egg:logger] init all loggers with options: {"dir":"D:\\Tyh----------Tyh----------------\\我的项目\\egg-weibo\\logs\\weibo","encoding":"utf8","env":"local","level":"INFO","consoleLevel":"INFO","disableConsoleAfterReady":false,"outputJSON":false,"buffer":true,"appLogName":"weibo-web.log","coreLogName":"egg-web.log","agentLogName":"egg-agent.log","errorLogName":"common-error.log","coreLogger":{"consoleLevel":"WARN"},"allowDebugAtProd":false,"type":"application"}
2021-07-27 09:33:02,809 INFO 2588 [egg-multipart] file mode enable
2021-07-27 09:33:02,809 INFO 2588 [egg-multipart] will save temporary files to "C:\\Users\\Admin\\AppData\\Local\\Temp\\egg-multipart-tmp\\weibo", cleanup job cron: "0 30 4 * * *"
2021-07-27 09:33:02,879 INFO 2588 [egg-redis] server connecting redis://:***@127.0.0.1:6379/0
2021-07-27 09:33:03,621 INFO 2588 [egg-static] starting static serve / -> D:\Tyh----------Tyh----------------\我的项目\egg-weibo/app/public
2021-07-27 09:33:03,625 INFO 2588 [egg-security] use methodnoallow middleware
2021-07-27 09:33:03,625 INFO 2588 [egg-security] use noopen middleware
2021-07-27 09:33:03,627 INFO 2588 [egg-security] use nosniff middleware
2021-07-27 09:33:03,628 INFO 2588 [egg-security] use xssProtection middleware
2021-07-27 09:33:03,629 INFO 2588 [egg-security] use xframe middleware
2021-07-27 09:33:03,629 INFO 2588 [egg-security] use dta middleware
2021-07-27 09:33:03,629 INFO 2588 [egg-security] compose 6 middlewares into one security middleware
2021-07-27 09:33:03,658 INFO 2588 [egg:core] dump config after load, 6ms
2021-07-27 09:33:03,686 INFO 2588 [egg-redis] client connect success
2021-07-27 09:33:03,689 INFO 2588 [egg-redis] instance[0] status OK, client ready
2021-07-27 09:33:03,716 INFO 2588 [egg-watcher:application] watcher start success
2021-07-27 09:33:03,758 INFO 2588 [egg:core] dump config after ready, 6ms
2021-07-27 09:33:16,397 INFO 6316 [egg:logger] init all loggers with options: {"dir":"D:\\Tyh----------Tyh----------------\\我的项目\\egg-weibo\\logs\\weibo","encoding":"utf8","env":"local","level":"INFO","consoleLevel":"INFO","disableConsoleAfterReady":false,"outputJSON":false,"buffer":true,"appLogName":"weibo-web.log","coreLogName":"egg-web.log","agentLogName":"egg-agent.log","errorLogName":"common-error.log","coreLogger":{"consoleLevel":"WARN"},"allowDebugAtProd":false,"type":"application"}
2021-07-27 09:33:16,432 INFO 6316 [egg-multipart] file mode enable
2021-07-27 09:33:16,432 INFO 6316 [egg-multipart] will save temporary files to "C:\\Users\\Admin\\AppData\\Local\\Temp\\egg-multipart-tmp\\weibo", cleanup job cron: "0 30 4 * * *"
2021-07-27 09:33:16,499 INFO 6316 [egg-redis] server connecting redis://:***@127.0.0.1:6379/0
2021-07-27 09:33:17,058 INFO 6316 [egg-static] starting static serve / -> D:\Tyh----------Tyh----------------\我的项目\egg-weibo/app/public
2021-07-27 09:33:17,062 INFO 6316 [egg-security] use methodnoallow middleware
2021-07-27 09:33:17,062 INFO 6316 [egg-security] use noopen middleware
2021-07-27 09:33:17,064 INFO 6316 [egg-security] use nosniff middleware
2021-07-27 09:33:17,065 INFO 6316 [egg-security] use xssProtection middleware
2021-07-27 09:33:17,066 INFO 6316 [egg-security] use xframe middleware
2021-07-27 09:33:17,066 INFO 6316 [egg-security] use dta middleware
2021-07-27 09:33:17,066 INFO 6316 [egg-security] compose 6 middlewares into one security middleware
2021-07-27 09:33:17,093 INFO 6316 [egg:core] dump config after load, 6ms
2021-07-27 09:33:17,121 INFO 6316 [egg-redis] client connect success
2021-07-27 09:33:17,124 INFO 6316 [egg-redis] instance[0] status OK, client ready
2021-07-27 09:33:17,156 INFO 6316 [egg-watcher:application] watcher start success
2021-07-27 09:33:17,192 INFO 6316 [egg:core] dump config after ready, 6ms
2021-07-27 09:33:22,709 INFO 10288 [egg:logger] init all loggers with options: {"dir":"D:\\Tyh----------Tyh----------------\\我的项目\\egg-weibo\\logs\\weibo","encoding":"utf8","env":"local","level":"INFO","consoleLevel":"INFO","disableConsoleAfterReady":false,"outputJSON":false,"buffer":true,"appLogName":"weibo-web.log","coreLogName":"egg-web.log","agentLogName":"egg-agent.log","errorLogName":"common-error.log","coreLogger":{"consoleLevel":"WARN"},"allowDebugAtProd":false,"type":"application"}
2021-07-27 09:33:22,745 INFO 10288 [egg-multipart] file mode enable
2021-07-27 09:33:22,745 INFO 10288 [egg-multipart] will save temporary files to "C:\\Users\\Admin\\AppData\\Local\\Temp\\egg-multipart-tmp\\weibo", cleanup job cron: "0 30 4 * * *"
2021-07-27 09:33:22,816 INFO 10288 [egg-redis] server connecting redis://:***@127.0.0.1:6379/0
2021-07-27 09:33:23,426 INFO 10288 [egg-static] starting static serve / -> D:\Tyh----------Tyh----------------\我的项目\egg-weibo/app/public
2021-07-27 09:33:23,430 INFO 10288 [egg-security] use methodnoallow middleware
2021-07-27 09:33:23,431 INFO 10288 [egg-security] use noopen middleware
2021-07-27 09:33:23,434 INFO 10288 [egg-security] use nosniff middleware
2021-07-27 09:33:23,435 INFO 10288 [egg-security] use xssProtection middleware
2021-07-27 09:33:23,435 INFO 10288 [egg-security] use xframe middleware
2021-07-27 09:33:23,436 INFO 10288 [egg-security] use dta middleware
2021-07-27 09:33:23,436 INFO 10288 [egg-security] compose 6 middlewares into one security middleware
2021-07-27 09:33:23,464 INFO 10288 [egg:core] dump config after load, 6ms
2021-07-27 09:33:23,504 INFO 10288 [egg-redis] client connect success
2021-07-27 09:33:23,507 INFO 10288 [egg-redis] instance[0] status OK, client ready
2021-07-27 09:33:23,533 INFO 10288 [egg-watcher:application] watcher start success
2021-07-27 09:33:23,583 INFO 10288 [egg:core] dump config after ready, 7ms
2021-07-27 09:33:27,895 INFO 6152 [egg:logger] init all loggers with options: {"dir":"D:\\Tyh----------Tyh----------------\\我的项目\\egg-weibo\\logs\\weibo","encoding":"utf8","env":"local","level":"INFO","consoleLevel":"INFO","disableConsoleAfterReady":false,"outputJSON":false,"buffer":true,"appLogName":"weibo-web.log","coreLogName":"egg-web.log","agentLogName":"egg-agent.log","errorLogName":"common-error.log","coreLogger":{"consoleLevel":"WARN"},"allowDebugAtProd":false,"type":"application"}
2021-07-27 09:33:27,930 INFO 6152 [egg-multipart] file mode enable
2021-07-27 09:33:27,930 INFO 6152 [egg-multipart] will save temporary files to "C:\\Users\\Admin\\AppData\\Local\\Temp\\egg-multipart-tmp\\weibo", cleanup job cron: "0 30 4 * * *"
2021-07-27 09:33:27,997 INFO 6152 [egg-redis] server connecting redis://:***@127.0.0.1:6379/0
2021-07-27 09:33:28,554 INFO 6152 [egg-static] starting static serve / -> D:\Tyh----------Tyh----------------\我的项目\egg-weibo/app/public
2021-07-27 09:33:28,557 INFO 6152 [egg-security] use methodnoallow middleware
2021-07-27 09:33:28,558 INFO 6152 [egg-security] use noopen middleware
2021-07-27 09:33:28,559 INFO 6152 [egg-security] use nosniff middleware
2021-07-27 09:33:28,560 INFO 6152 [egg-security] use xssProtection middleware
2021-07-27 09:33:28,561 INFO 6152 [egg-security] use xframe middleware
2021-07-27 09:33:28,561 INFO 6152 [egg-security] use dta middleware
2021-07-27 09:33:28,561 INFO 6152 [egg-security] compose 6 middlewares into one security middleware
2021-07-27 09:33:28,590 INFO 6152 [egg:core] dump config after load, 7ms
2021-07-27 09:33:28,618 INFO 6152 [egg-redis] client connect success
2021-07-27 09:33:28,620 INFO 6152 [egg-redis] instance[0] status OK, client ready
2021-07-27 09:33:28,646 INFO 6152 [egg-watcher:application] watcher start success
2021-07-27 09:33:28,688 INFO 6152 [egg:core] dump config after ready, 6ms
2021-07-27 09:33:38,825 INFO 2440 [egg:logger] init all loggers with options: {"dir":"D:\\Tyh----------Tyh----------------\\我的项目\\egg-weibo\\logs\\weibo","encoding":"utf8","env":"local","level":"INFO","consoleLevel":"INFO","disableConsoleAfterReady":false,"outputJSON":false,"buffer":true,"appLogName":"weibo-web.log","coreLogName":"egg-web.log","agentLogName":"egg-agent.log","errorLogName":"common-error.log","coreLogger":{"consoleLevel":"WARN"},"allowDebugAtProd":false,"type":"application"}
2021-07-27 09:33:38,860 INFO 2440 [egg-multipart] file mode enable
2021-07-27 09:33:38,860 INFO 2440 [egg-multipart] will save temporary files to "C:\\Users\\Admin\\AppData\\Local\\Temp\\egg-multipart-tmp\\weibo", cleanup job cron: "0 30 4 * * *"
2021-07-27 09:33:38,927 INFO 2440 [egg-redis] server connecting redis://:***@127.0.0.1:6379/0
2021-07-27 09:33:39,481 INFO 2440 [egg-static] starting static serve / -> D:\Tyh----------Tyh----------------\我的项目\egg-weibo/app/public
2021-07-27 09:33:39,485 INFO 2440 [egg-security] use methodnoallow middleware
2021-07-27 09:33:39,485 INFO 2440 [egg-security] use noopen middleware
2021-07-27 09:33:39,487 INFO 2440 [egg-security] use nosniff middleware
2021-07-27 09:33:39,488 INFO 2440 [egg-security] use xssProtection middleware
2021-07-27 09:33:39,488 INFO 2440 [egg-security] use xframe middleware
2021-07-27 09:33:39,489 INFO 2440 [egg-security] use dta middleware
2021-07-27 09:33:39,489 INFO 2440 [egg-security] compose 6 middlewares into one security middleware
2021-07-27 09:33:39,516 INFO 2440 [egg:core] dump config after load, 6ms
2021-07-27 09:33:39,544 INFO 2440 [egg-redis] client connect success
2021-07-27 09:33:39,547 INFO 2440 [egg-redis] instance[0] status OK, client ready
2021-07-27 09:33:39,574 INFO 2440 [egg-watcher:application] watcher start success
2021-07-27 09:33:39,620 INFO 2440 [egg:core] dump config after ready, 7ms
2021-07-27 09:33:42,169 INFO 6608 [egg:logger] init all loggers with options: {"dir":"D:\\Tyh----------Tyh----------------\\我的项目\\egg-weibo\\logs\\weibo","encoding":"utf8","env":"local","level":"INFO","consoleLevel":"INFO","disableConsoleAfterReady":false,"outputJSON":false,"buffer":true,"appLogName":"weibo-web.log","coreLogName":"egg-web.log","agentLogName":"egg-agent.log","errorLogName":"common-error.log","coreLogger":{"consoleLevel":"WARN"},"allowDebugAtProd":false,"type":"application"}
2021-07-27 09:33:42,202 INFO 6608 [egg-multipart] file mode enable
2021-07-27 09:33:42,202 INFO 6608 [egg-multipart] will save temporary files to "C:\\Users\\Admin\\AppData\\Local\\Temp\\egg-multipart-tmp\\weibo", cleanup job cron: "0 30 4 * * *"
2021-07-27 09:33:42,267 INFO 6608 [egg-redis] server connecting redis://:***@127.0.0.1:6379/0
2021-07-27 09:33:42,797 INFO 6608 [egg-static] starting static serve / -> D:\Tyh----------Tyh----------------\我的项目\egg-weibo/app/public
2021-07-27 09:33:42,800 INFO 6608 [egg-security] use methodnoallow middleware
2021-07-27 09:33:42,801 INFO 6608 [egg-security] use noopen middleware
2021-07-27 09:33:42,803 INFO 6608 [egg-security] use nosniff middleware
2021-07-27 09:33:42,803 INFO 6608 [egg-security] use xssProtection middleware
2021-07-27 09:33:42,804 INFO 6608 [egg-security] use xframe middleware
2021-07-27 09:33:42,804 INFO 6608 [egg-security] use dta middleware
2021-07-27 09:33:42,805 INFO 6608 [egg-security] compose 6 middlewares into one security middleware
2021-07-27 09:33:42,831 INFO 6608 [egg:core] dump config after load, 6ms
2021-07-27 09:33:42,860 INFO 6608 [egg-redis] client connect success
2021-07-27 09:33:42,862 INFO 6608 [egg-redis] instance[0] status OK, client ready
2021-07-27 09:33:42,895 INFO 6608 [egg-watcher:application] watcher start success
2021-07-27 09:33:42,946 INFO 6608 [egg:core] dump config after ready, 11ms
2021-07-27 09:33:48,204 INFO 5872 [egg:logger] init all loggers with options: {"dir":"D:\\Tyh----------Tyh----------------\\我的项目\\egg-weibo\\logs\\weibo","encoding":"utf8","env":"local","level":"INFO","consoleLevel":"INFO","disableConsoleAfterReady":false,"outputJSON":false,"buffer":true,"appLogName":"weibo-web.log","coreLogName":"egg-web.log","agentLogName":"egg-agent.log","errorLogName":"common-error.log","coreLogger":{"consoleLevel":"WARN"},"allowDebugAtProd":false,"type":"application"}
2021-07-27 09:33:48,238 INFO 5872 [egg-multipart] file mode enable
2021-07-27 09:33:48,238 INFO 5872 [egg-multipart] will save temporary files to "C:\\Users\\Admin\\AppData\\Local\\Temp\\egg-multipart-tmp\\weibo", cleanup job cron: "0 30 4 * * *"
2021-07-27 09:33:48,307 INFO 5872 [egg-redis] server connecting redis://:***@127.0.0.1:6379/0
2021-07-27 09:33:48,980 INFO 5872 [egg-static] starting static serve / -> D:\Tyh----------Tyh----------------\我的项目\egg-weibo/app/public
2021-07-27 09:33:48,988 INFO 5872 [egg-security] use methodnoallow middleware
2021-07-27 09:33:48,989 INFO 5872 [egg-security] use noopen middleware
2021-07-27 09:33:48,993 INFO 5872 [egg-security] use nosniff middleware
2021-07-27 09:33:48,994 INFO 5872 [egg-security] use xssProtection middleware
2021-07-27 09:33:48,994 INFO 5872 [egg-security] use xframe middleware
2021-07-27 09:33:48,995 INFO 5872 [egg-security] use dta middleware
2021-07-27 09:33:48,995 INFO 5872 [egg-security] compose 6 middlewares into one security middleware
2021-07-27 09:33:49,034 INFO 5872 [egg:core] dump config after load, 9ms
2021-07-27 09:33:49,061 INFO 5872 [egg-redis] client connect success
2021-07-27 09:33:49,073 INFO 5872 [egg-redis] instance[0] status OK, client ready
2021-07-27 09:33:49,107 INFO 5872 [egg-watcher:application] watcher start success
2021-07-27 09:33:49,162 INFO 5872 [egg:core] dump config after ready, 6ms
2021-07-27 09:33:52,632 INFO 14072 [egg:logger] init all loggers with options: {"dir":"D:\\Tyh----------Tyh----------------\\我的项目\\egg-weibo\\logs\\weibo","encoding":"utf8","env":"local","level":"INFO","consoleLevel":"INFO","disableConsoleAfterReady":false,"outputJSON":false,"buffer":true,"appLogName":"weibo-web.log","coreLogName":"egg-web.log","agentLogName":"egg-agent.log","errorLogName":"common-error.log","coreLogger":{"consoleLevel":"WARN"},"allowDebugAtProd":false,"type":"application"}
2021-07-27 09:33:52,667 INFO 14072 [egg-multipart] file mode enable
2021-07-27 09:33:52,667 INFO 14072 [egg-multipart] will save temporary files to "C:\\Users\\Admin\\AppData\\Local\\Temp\\egg-multipart-tmp\\weibo", cleanup job cron: "0 30 4 * * *"
2021-07-27 09:33:52,733 INFO 14072 [egg-redis] server connecting redis://:***@127.0.0.1:6379/0
2021-07-27 09:33:53,261 INFO 14072 [egg-static] starting static serve / -> D:\Tyh----------Tyh----------------\我的项目\egg-weibo/app/public
2021-07-27 09:33:53,264 INFO 14072 [egg-security] use methodnoallow middleware
2021-07-27 09:33:53,265 INFO 14072 [egg-security] use noopen middleware
2021-07-27 09:33:53,267 INFO 14072 [egg-security] use nosniff middleware
2021-07-27 09:33:53,268 INFO 14072 [egg-security] use xssProtection middleware
2021-07-27 09:33:53,268 INFO 14072 [egg-security] use xframe middleware
2021-07-27 09:33:53,269 INFO 14072 [egg-security] use dta middleware
2021-07-27 09:33:53,269 INFO 14072 [egg-security] compose 6 middlewares into one security middleware
2021-07-27 09:33:53,295 INFO 14072 [egg:core] dump config after load, 6ms
2021-07-27 09:33:53,322 INFO 14072 [egg-redis] client connect success
2021-07-27 09:33:53,324 INFO 14072 [egg-redis] instance[0] status OK, client ready
2021-07-27 09:33:53,351 INFO 14072 [egg-watcher:application] watcher start success
2021-07-27 09:33:53,396 INFO 14072 [egg:core] dump config after ready, 6ms
