2021-07-27 09:32:14,608 INFO 5140 [egg-sequelize](1ms) Executed (default): SELECT 1+1 AS result
2021-07-27 09:32:14,610 INFO 5140 [egg-sequelize](3ms) Executed (default): CREATE TABLE IF NOT EXISTS `users` (`id` INTEGER NOT NULL auto_increment , `username` VARCHAR(255) NOT NULL UNIQUE COMMENT '用户名,唯一,不能为空', `nickname` VARCHAR(255) COMMENT '用户名,唯一,不能为空', `password` VARCHAR(255) NOT NULL COMMENT '密码', `gender` VARCHAR(255) NOT NULL DEFAULT 1 COMMENT '性别 1->男 2->女 3->保密', `avatar` VARCHAR(255) COMMENT '头像 图片地址', `city` VARCHAR(255) NOT NULL DEFAULT '秦皇岛' COMMENT '城市', `created_at` DATETIME NOT NULL, `updated_at` DATETIME NOT NULL, PRIMARY KEY (`id`)) ENGINE=InnoDB;
2021-07-27 09:32:14,613 INFO 5140 [egg-sequelize](1ms) Executed (default): SHOW INDEX FROM `users` FROM `egg-weibo`
2021-07-27 09:32:14,616 INFO 5140 [egg-sequelize](0ms) Executed (default): CREATE TABLE IF NOT EXISTS `blogs` (`id` INTEGER NOT NULL auto_increment , `user_id` INTEGER NOT NULL COMMENT '外键 userId -> users.id', `content` VARCHAR(255) NOT NULL COMMENT '图片', `image` TEXT COMMENT '微博内容', `created_at` DATETIME NOT NULL, `updated_at` DATETIME NOT NULL, PRIMARY KEY (`id`), FOREIGN KEY (`user_id`) REFERENCES `users` (`id`) ON DELETE NO ACTION ON UPDATE CASCADE) ENGINE=InnoDB;
2021-07-27 09:32:14,618 INFO 5140 [egg-sequelize](1ms) Executed (default): SHOW INDEX FROM `blogs` FROM `egg-weibo`
2021-07-27 09:32:14,621 INFO 5140 [egg-sequelize](0ms) Executed (default): CREATE TABLE IF NOT EXISTS `at_relations` (`id` INTEGER NOT NULL auto_increment , `user_id` INTEGER NOT NULL COMMENT '用户id', `blog_id` INTEGER NOT NULL COMMENT '博客id', `is_read` TINYINT(1) DEFAULT false COMMENT '是否已读', `created_at` DATETIME NOT NULL, `updated_at` DATETIME NOT NULL, PRIMARY KEY (`id`), FOREIGN KEY (`blog_id`) REFERENCES `blogs` (`id`) ON DELETE CASCADE ON UPDATE CASCADE) ENGINE=InnoDB;
2021-07-27 09:32:14,625 INFO 5140 [egg-sequelize](1ms) Executed (default): SHOW INDEX FROM `at_relations` FROM `egg-weibo`
2021-07-27 09:32:14,626 INFO 5140 [egg-sequelize](0ms) Executed (default): CREATE TABLE IF NOT EXISTS `user_relations` (`id` INTEGER NOT NULL auto_increment , `user_id` INTEGER NOT NULL COMMENT '用户id', `follower_id` INTEGER NOT NULL COMMENT '被关注人id', `created_at` DATETIME NOT NULL, `updated_at` DATETIME NOT NULL, PRIMARY KEY (`id`), FOREIGN KEY (`user_id`) REFERENCES `users` (`id`) ON DELETE CASCADE ON UPDATE CASCADE, FOREIGN KEY (`follower_id`) REFERENCES `users` (`id`) ON DELETE NO ACTION ON UPDATE CASCADE) ENGINE=InnoDB;
2021-07-27 09:32:14,628 INFO 5140 [egg-sequelize](1ms) Executed (default): SHOW INDEX FROM `user_relations` FROM `egg-weibo`
2021-07-27 09:32:45,688 INFO 11692 [egg-sequelize](0ms) Executed (default): SELECT 1+1 AS result
2021-07-27 09:32:45,690 INFO 11692 [egg-sequelize](3ms) Executed (default): CREATE TABLE IF NOT EXISTS `users` (`id` INTEGER NOT NULL auto_increment , `username` VARCHAR(255) NOT NULL UNIQUE COMMENT '用户名,唯一,不能为空', `nickname` VARCHAR(255) COMMENT '用户名,唯一,不能为空', `password` VARCHAR(255) NOT NULL COMMENT '密码', `gender` VARCHAR(255) NOT NULL DEFAULT 1 COMMENT '性别 1->男 2->女 3->保密', `avatar` VARCHAR(255) COMMENT '头像 图片地址', `city` VARCHAR(255) NOT NULL DEFAULT '秦皇岛' COMMENT '城市', `created_at` DATETIME NOT NULL, `updated_at` DATETIME NOT NULL, PRIMARY KEY (`id`)) ENGINE=InnoDB;
2021-07-27 09:32:45,693 INFO 11692 [egg-sequelize](1ms) Executed (default): SHOW INDEX FROM `users` FROM `egg-weibo`
2021-07-27 09:32:45,694 INFO 11692 [egg-sequelize](0ms) Executed (default): CREATE TABLE IF NOT EXISTS `blogs` (`id` INTEGER NOT NULL auto_increment , `user_id` INTEGER NOT NULL COMMENT '外键 userId -> users.id', `content` VARCHAR(255) NOT NULL COMMENT '图片', `image` TEXT COMMENT '微博内容', `created_at` DATETIME NOT NULL, `updated_at` DATETIME NOT NULL, PRIMARY KEY (`id`), FOREIGN KEY (`user_id`) REFERENCES `users` (`id`) ON DELETE NO ACTION ON UPDATE CASCADE) ENGINE=InnoDB;
2021-07-27 09:32:45,696 INFO 11692 [egg-sequelize](1ms) Executed (default): SHOW INDEX FROM `blogs` FROM `egg-weibo`
2021-07-27 09:32:45,697 INFO 11692 [egg-sequelize](0ms) Executed (default): CREATE TABLE IF NOT EXISTS `at_relations` (`id` INTEGER NOT NULL auto_increment , `user_id` INTEGER NOT NULL COMMENT '用户id', `blog_id` INTEGER NOT NULL COMMENT '博客id', `is_read` TINYINT(1) DEFAULT false COMMENT '是否已读', `created_at` DATETIME NOT NULL, `updated_at` DATETIME NOT NULL, PRIMARY KEY (`id`), FOREIGN KEY (`blog_id`) REFERENCES `blogs` (`id`) ON DELETE CASCADE ON UPDATE CASCADE) ENGINE=InnoDB;
2021-07-27 09:32:45,699 INFO 11692 [egg-sequelize](1ms) Executed (default): SHOW INDEX FROM `at_relations` FROM `egg-weibo`
2021-07-27 09:32:45,701 INFO 11692 [egg-sequelize](1ms) Executed (default): CREATE TABLE IF NOT EXISTS `user_relations` (`id` INTEGER NOT NULL auto_increment , `user_id` INTEGER NOT NULL COMMENT '用户id', `follower_id` INTEGER NOT NULL COMMENT '被关注人id', `created_at` DATETIME NOT NULL, `updated_at` DATETIME NOT NULL, PRIMARY KEY (`id`), FOREIGN KEY (`user_id`) REFERENCES `users` (`id`) ON DELETE CASCADE ON UPDATE CASCADE, FOREIGN KEY (`follower_id`) REFERENCES `users` (`id`) ON DELETE NO ACTION ON UPDATE CASCADE) ENGINE=InnoDB;
2021-07-27 09:32:45,705 INFO 11692 [egg-sequelize](1ms) Executed (default): SHOW INDEX FROM `user_relations` FROM `egg-weibo`
2021-07-27 09:32:49,374 INFO 6520 [egg-sequelize](2ms) Executed (default): SELECT 1+1 AS result
2021-07-27 09:32:49,376 INFO 6520 [egg-sequelize](0ms) Executed (default): CREATE TABLE IF NOT EXISTS `users` (`id` INTEGER NOT NULL auto_increment , `username` VARCHAR(255) NOT NULL UNIQUE COMMENT '用户名,唯一,不能为空', `nickname` VARCHAR(255) COMMENT '用户名,唯一,不能为空', `password` VARCHAR(255) NOT NULL COMMENT '密码', `gender` VARCHAR(255) NOT NULL DEFAULT 1 COMMENT '性别 1->男 2->女 3->保密', `avatar` VARCHAR(255) COMMENT '头像 图片地址', `city` VARCHAR(255) NOT NULL DEFAULT '秦皇岛' COMMENT '城市', `created_at` DATETIME NOT NULL, `updated_at` DATETIME NOT NULL, PRIMARY KEY (`id`)) ENGINE=InnoDB;
2021-07-27 09:32:49,380 INFO 6520 [egg-sequelize](2ms) Executed (default): SHOW INDEX FROM `users` FROM `egg-weibo`
2021-07-27 09:32:49,382 INFO 6520 [egg-sequelize](0ms) Executed (default): CREATE TABLE IF NOT EXISTS `blogs` (`id` INTEGER NOT NULL auto_increment , `user_id` INTEGER NOT NULL COMMENT '外键 userId -> users.id', `content` VARCHAR(255) NOT NULL COMMENT '图片', `image` TEXT COMMENT '微博内容', `created_at` DATETIME NOT NULL, `updated_at` DATETIME NOT NULL, PRIMARY KEY (`id`), FOREIGN KEY (`user_id`) REFERENCES `users` (`id`) ON DELETE NO ACTION ON UPDATE CASCADE) ENGINE=InnoDB;
2021-07-27 09:32:49,385 INFO 6520 [egg-sequelize](1ms) Executed (default): SHOW INDEX FROM `blogs` FROM `egg-weibo`
2021-07-27 09:32:49,387 INFO 6520 [egg-sequelize](0ms) Executed (default): CREATE TABLE IF NOT EXISTS `at_relations` (`id` INTEGER NOT NULL auto_increment , `user_id` INTEGER NOT NULL COMMENT '用户id', `blog_id` INTEGER NOT NULL COMMENT '博客id', `is_read` TINYINT(1) DEFAULT false COMMENT '是否已读', `created_at` DATETIME NOT NULL, `updated_at` DATETIME NOT NULL, PRIMARY KEY (`id`), FOREIGN KEY (`blog_id`) REFERENCES `blogs` (`id`) ON DELETE CASCADE ON UPDATE CASCADE) ENGINE=InnoDB;
2021-07-27 09:32:49,388 INFO 6520 [egg-sequelize](0ms) Executed (default): SHOW INDEX FROM `at_relations` FROM `egg-weibo`
2021-07-27 09:32:49,392 INFO 6520 [egg-sequelize](0ms) Executed (default): CREATE TABLE IF NOT EXISTS `user_relations` (`id` INTEGER NOT NULL auto_increment , `user_id` INTEGER NOT NULL COMMENT '用户id', `follower_id` INTEGER NOT NULL COMMENT '被关注人id', `created_at` DATETIME NOT NULL, `updated_at` DATETIME NOT NULL, PRIMARY KEY (`id`), FOREIGN KEY (`user_id`) REFERENCES `users` (`id`) ON DELETE CASCADE ON UPDATE CASCADE, FOREIGN KEY (`follower_id`) REFERENCES `users` (`id`) ON DELETE NO ACTION ON UPDATE CASCADE) ENGINE=InnoDB;
2021-07-27 09:32:49,394 INFO 6520 [egg-sequelize](1ms) Executed (default): SHOW INDEX FROM `user_relations` FROM `egg-weibo`
2021-07-27 09:33:00,371 INFO 10424 [egg-sequelize](1ms) Executed (default): SELECT 1+1 AS result
2021-07-27 09:33:00,373 INFO 10424 [egg-sequelize](3ms) Executed (default): CREATE TABLE IF NOT EXISTS `users` (`id` INTEGER NOT NULL auto_increment , `username` VARCHAR(255) NOT NULL UNIQUE COMMENT '用户名,唯一,不能为空', `nickname` VARCHAR(255) COMMENT '用户名,唯一,不能为空', `password` VARCHAR(255) NOT NULL COMMENT '密码', `gender` VARCHAR(255) NOT NULL DEFAULT 1 COMMENT '性别 1->男 2->女 3->保密', `avatar` VARCHAR(255) COMMENT '头像 图片地址', `city` VARCHAR(255) NOT NULL DEFAULT '秦皇岛' COMMENT '城市', `created_at` DATETIME NOT NULL, `updated_at` DATETIME NOT NULL, PRIMARY KEY (`id`)) ENGINE=InnoDB;
2021-07-27 09:33:00,376 INFO 10424 [egg-sequelize](2ms) Executed (default): SHOW INDEX FROM `users` FROM `egg-weibo`
2021-07-27 09:33:00,378 INFO 10424 [egg-sequelize](0ms) Executed (default): CREATE TABLE IF NOT EXISTS `blogs` (`id` INTEGER NOT NULL auto_increment , `user_id` INTEGER NOT NULL COMMENT '外键 userId -> users.id', `content` VARCHAR(255) NOT NULL COMMENT '图片', `image` TEXT COMMENT '微博内容', `created_at` DATETIME NOT NULL, `updated_at` DATETIME NOT NULL, PRIMARY KEY (`id`), FOREIGN KEY (`user_id`) REFERENCES `users` (`id`) ON DELETE NO ACTION ON UPDATE CASCADE) ENGINE=InnoDB;
2021-07-27 09:33:00,379 INFO 10424 [egg-sequelize](0ms) Executed (default): SHOW INDEX FROM `blogs` FROM `egg-weibo`
2021-07-27 09:33:00,381 INFO 10424 [egg-sequelize](0ms) Executed (default): CREATE TABLE IF NOT EXISTS `at_relations` (`id` INTEGER NOT NULL auto_increment , `user_id` INTEGER NOT NULL COMMENT '用户id', `blog_id` INTEGER NOT NULL COMMENT '博客id', `is_read` TINYINT(1) DEFAULT false COMMENT '是否已读', `created_at` DATETIME NOT NULL, `updated_at` DATETIME NOT NULL, PRIMARY KEY (`id`), FOREIGN KEY (`blog_id`) REFERENCES `blogs` (`id`) ON DELETE CASCADE ON UPDATE CASCADE) ENGINE=InnoDB;
2021-07-27 09:33:00,382 INFO 10424 [egg-sequelize](0ms) Executed (default): SHOW INDEX FROM `at_relations` FROM `egg-weibo`
2021-07-27 09:33:00,384 INFO 10424 [egg-sequelize](1ms) Executed (default): CREATE TABLE IF NOT EXISTS `user_relations` (`id` INTEGER NOT NULL auto_increment , `user_id` INTEGER NOT NULL COMMENT '用户id', `follower_id` INTEGER NOT NULL COMMENT '被关注人id', `created_at` DATETIME NOT NULL, `updated_at` DATETIME NOT NULL, PRIMARY KEY (`id`), FOREIGN KEY (`user_id`) REFERENCES `users` (`id`) ON DELETE CASCADE ON UPDATE CASCADE, FOREIGN KEY (`follower_id`) REFERENCES `users` (`id`) ON DELETE NO ACTION ON UPDATE CASCADE) ENGINE=InnoDB;
2021-07-27 09:33:00,385 INFO 10424 [egg-sequelize](0ms) Executed (default): SHOW INDEX FROM `user_relations` FROM `egg-weibo`
2021-07-27 09:33:03,733 INFO 2588 [egg-sequelize](2ms) Executed (default): SELECT 1+1 AS result
2021-07-27 09:33:03,735 INFO 2588 [egg-sequelize](3ms) Executed (default): CREATE TABLE IF NOT EXISTS `users` (`id` INTEGER NOT NULL auto_increment , `username` VARCHAR(255) NOT NULL UNIQUE COMMENT '用户名,唯一,不能为空', `nickname` VARCHAR(255) COMMENT '用户名,唯一,不能为空', `password` VARCHAR(255) NOT NULL COMMENT '密码', `gender` VARCHAR(255) NOT NULL DEFAULT 1 COMMENT '性别 1->男 2->女 3->保密', `avatar` VARCHAR(255) COMMENT '头像 图片地址', `city` VARCHAR(255) NOT NULL DEFAULT '秦皇岛' COMMENT '城市', `created_at` DATETIME NOT NULL, `updated_at` DATETIME NOT NULL, PRIMARY KEY (`id`)) ENGINE=InnoDB;
2021-07-27 09:33:03,738 INFO 2588 [egg-sequelize](1ms) Executed (default): SHOW INDEX FROM `users` FROM `egg-weibo`
2021-07-27 09:33:03,741 INFO 2588 [egg-sequelize](0ms) Executed (default): CREATE TABLE IF NOT EXISTS `blogs` (`id` INTEGER NOT NULL auto_increment , `user_id` INTEGER NOT NULL COMMENT '外键 userId -> users.id', `content` VARCHAR(255) NOT NULL COMMENT '图片', `image` TEXT COMMENT '微博内容', `created_at` DATETIME NOT NULL, `updated_at` DATETIME NOT NULL, PRIMARY KEY (`id`), FOREIGN KEY (`user_id`) REFERENCES `users` (`id`) ON DELETE NO ACTION ON UPDATE CASCADE) ENGINE=InnoDB;
2021-07-27 09:33:03,743 INFO 2588 [egg-sequelize](1ms) Executed (default): SHOW INDEX FROM `blogs` FROM `egg-weibo`
2021-07-27 09:33:03,745 INFO 2588 [egg-sequelize](1ms) Executed (default): CREATE TABLE IF NOT EXISTS `at_relations` (`id` INTEGER NOT NULL auto_increment , `user_id` INTEGER NOT NULL COMMENT '用户id', `blog_id` INTEGER NOT NULL COMMENT '博客id', `is_read` TINYINT(1) DEFAULT false COMMENT '是否已读', `created_at` DATETIME NOT NULL, `updated_at` DATETIME NOT NULL, PRIMARY KEY (`id`), FOREIGN KEY (`blog_id`) REFERENCES `blogs` (`id`) ON DELETE CASCADE ON UPDATE CASCADE) ENGINE=InnoDB;
2021-07-27 09:33:03,746 INFO 2588 [egg-sequelize](0ms) Executed (default): SHOW INDEX FROM `at_relations` FROM `egg-weibo`
2021-07-27 09:33:03,748 INFO 2588 [egg-sequelize](1ms) Executed (default): CREATE TABLE IF NOT EXISTS `user_relations` (`id` INTEGER NOT NULL auto_increment , `user_id` INTEGER NOT NULL COMMENT '用户id', `follower_id` INTEGER NOT NULL COMMENT '被关注人id', `created_at` DATETIME NOT NULL, `updated_at` DATETIME NOT NULL, PRIMARY KEY (`id`), FOREIGN KEY (`user_id`) REFERENCES `users` (`id`) ON DELETE CASCADE ON UPDATE CASCADE, FOREIGN KEY (`follower_id`) REFERENCES `users` (`id`) ON DELETE NO ACTION ON UPDATE CASCADE) ENGINE=InnoDB;
2021-07-27 09:33:03,750 INFO 2588 [egg-sequelize](1ms) Executed (default): SHOW INDEX FROM `user_relations` FROM `egg-weibo`
2021-07-27 09:33:17,166 INFO 6316 [egg-sequelize](1ms) Executed (default): SELECT 1+1 AS result
2021-07-27 09:33:17,169 INFO 6316 [egg-sequelize](3ms) Executed (default): CREATE TABLE IF NOT EXISTS `users` (`id` INTEGER NOT NULL auto_increment , `username` VARCHAR(255) NOT NULL UNIQUE COMMENT '用户名,唯一,不能为空', `nickname` VARCHAR(255) COMMENT '用户名,唯一,不能为空', `password` VARCHAR(255) NOT NULL COMMENT '密码', `gender` VARCHAR(255) NOT NULL DEFAULT 1 COMMENT '性别 1->男 2->女 3->保密', `avatar` VARCHAR(255) COMMENT '头像 图片地址', `city` VARCHAR(255) NOT NULL DEFAULT '秦皇岛' COMMENT '城市', `created_at` DATETIME NOT NULL, `updated_at` DATETIME NOT NULL, PRIMARY KEY (`id`)) ENGINE=InnoDB;
2021-07-27 09:33:17,174 INFO 6316 [egg-sequelize](1ms) Executed (default): SHOW INDEX FROM `users` FROM `egg-weibo`
2021-07-27 09:33:17,175 INFO 6316 [egg-sequelize](0ms) Executed (default): CREATE TABLE IF NOT EXISTS `blogs` (`id` INTEGER NOT NULL auto_increment , `user_id` INTEGER NOT NULL COMMENT '外键 userId -> users.id', `content` VARCHAR(255) NOT NULL COMMENT '图片', `image` TEXT COMMENT '微博内容', `created_at` DATETIME NOT NULL, `updated_at` DATETIME NOT NULL, PRIMARY KEY (`id`), FOREIGN KEY (`user_id`) REFERENCES `users` (`id`) ON DELETE NO ACTION ON UPDATE CASCADE) ENGINE=InnoDB;
2021-07-27 09:33:17,177 INFO 6316 [egg-sequelize](1ms) Executed (default): SHOW INDEX FROM `blogs` FROM `egg-weibo`
2021-07-27 09:33:17,179 INFO 6316 [egg-sequelize](1ms) Executed (default): CREATE TABLE IF NOT EXISTS `at_relations` (`id` INTEGER NOT NULL auto_increment , `user_id` INTEGER NOT NULL COMMENT '用户id', `blog_id` INTEGER NOT NULL COMMENT '博客id', `is_read` TINYINT(1) DEFAULT false COMMENT '是否已读', `created_at` DATETIME NOT NULL, `updated_at` DATETIME NOT NULL, PRIMARY KEY (`id`), FOREIGN KEY (`blog_id`) REFERENCES `blogs` (`id`) ON DELETE CASCADE ON UPDATE CASCADE) ENGINE=InnoDB;
2021-07-27 09:33:17,180 INFO 6316 [egg-sequelize](0ms) Executed (default): SHOW INDEX FROM `at_relations` FROM `egg-weibo`
2021-07-27 09:33:17,182 INFO 6316 [egg-sequelize](0ms) Executed (default): CREATE TABLE IF NOT EXISTS `user_relations` (`id` INTEGER NOT NULL auto_increment , `user_id` INTEGER NOT NULL COMMENT '用户id', `follower_id` INTEGER NOT NULL COMMENT '被关注人id', `created_at` DATETIME NOT NULL, `updated_at` DATETIME NOT NULL, PRIMARY KEY (`id`), FOREIGN KEY (`user_id`) REFERENCES `users` (`id`) ON DELETE CASCADE ON UPDATE CASCADE, FOREIGN KEY (`follower_id`) REFERENCES `users` (`id`) ON DELETE NO ACTION ON UPDATE CASCADE) ENGINE=InnoDB;
2021-07-27 09:33:17,184 INFO 6316 [egg-sequelize](1ms) Executed (default): SHOW INDEX FROM `user_relations` FROM `egg-weibo`
2021-07-27 09:33:23,554 INFO 10288 [egg-sequelize](1ms) Executed (default): SELECT 1+1 AS result
2021-07-27 09:33:23,556 INFO 10288 [egg-sequelize](2ms) Executed (default): CREATE TABLE IF NOT EXISTS `users` (`id` INTEGER NOT NULL auto_increment , `username` VARCHAR(255) NOT NULL UNIQUE COMMENT '用户名,唯一,不能为空', `nickname` VARCHAR(255) COMMENT '用户名,唯一,不能为空', `password` VARCHAR(255) NOT NULL COMMENT '密码', `gender` VARCHAR(255) NOT NULL DEFAULT 1 COMMENT '性别 1->男 2->女 3->保密', `avatar` VARCHAR(255) COMMENT '头像 图片地址', `city` VARCHAR(255) NOT NULL DEFAULT '秦皇岛' COMMENT '城市', `created_at` DATETIME NOT NULL, `updated_at` DATETIME NOT NULL, PRIMARY KEY (`id`)) ENGINE=InnoDB;
2021-07-27 09:33:23,559 INFO 10288 [egg-sequelize](1ms) Executed (default): SHOW INDEX FROM `users` FROM `egg-weibo`
2021-07-27 09:33:23,561 INFO 10288 [egg-sequelize](0ms) Executed (default): CREATE TABLE IF NOT EXISTS `blogs` (`id` INTEGER NOT NULL auto_increment , `user_id` INTEGER NOT NULL COMMENT '外键 userId -> users.id', `content` VARCHAR(255) NOT NULL COMMENT '图片', `image` TEXT COMMENT '微博内容', `created_at` DATETIME NOT NULL, `updated_at` DATETIME NOT NULL, PRIMARY KEY (`id`), FOREIGN KEY (`user_id`) REFERENCES `users` (`id`) ON DELETE NO ACTION ON UPDATE CASCADE) ENGINE=InnoDB;
2021-07-27 09:33:23,563 INFO 10288 [egg-sequelize](1ms) Executed (default): SHOW INDEX FROM `blogs` FROM `egg-weibo`
2021-07-27 09:33:23,565 INFO 10288 [egg-sequelize](1ms) Executed (default): CREATE TABLE IF NOT EXISTS `at_relations` (`id` INTEGER NOT NULL auto_increment , `user_id` INTEGER NOT NULL COMMENT '用户id', `blog_id` INTEGER NOT NULL COMMENT '博客id', `is_read` TINYINT(1) DEFAULT false COMMENT '是否已读', `created_at` DATETIME NOT NULL, `updated_at` DATETIME NOT NULL, PRIMARY KEY (`id`), FOREIGN KEY (`blog_id`) REFERENCES `blogs` (`id`) ON DELETE CASCADE ON UPDATE CASCADE) ENGINE=InnoDB;
2021-07-27 09:33:23,568 INFO 10288 [egg-sequelize](1ms) Executed (default): SHOW INDEX FROM `at_relations` FROM `egg-weibo`
2021-07-27 09:33:23,572 INFO 10288 [egg-sequelize](0ms) Executed (default): CREATE TABLE IF NOT EXISTS `user_relations` (`id` INTEGER NOT NULL auto_increment , `user_id` INTEGER NOT NULL COMMENT '用户id', `follower_id` INTEGER NOT NULL COMMENT '被关注人id', `created_at` DATETIME NOT NULL, `updated_at` DATETIME NOT NULL, PRIMARY KEY (`id`), FOREIGN KEY (`user_id`) REFERENCES `users` (`id`) ON DELETE CASCADE ON UPDATE CASCADE, FOREIGN KEY (`follower_id`) REFERENCES `users` (`id`) ON DELETE NO ACTION ON UPDATE CASCADE) ENGINE=InnoDB;
2021-07-27 09:33:23,574 INFO 10288 [egg-sequelize](1ms) Executed (default): SHOW INDEX FROM `user_relations` FROM `egg-weibo`
2021-07-27 09:33:28,664 INFO 6152 [egg-sequelize](1ms) Executed (default): SELECT 1+1 AS result
2021-07-27 09:33:28,667 INFO 6152 [egg-sequelize](4ms) Executed (default): CREATE TABLE IF NOT EXISTS `users` (`id` INTEGER NOT NULL auto_increment , `username` VARCHAR(255) NOT NULL UNIQUE COMMENT '用户名,唯一,不能为空', `nickname` VARCHAR(255) COMMENT '用户名,唯一,不能为空', `password` VARCHAR(255) NOT NULL COMMENT '密码', `gender` VARCHAR(255) NOT NULL DEFAULT 1 COMMENT '性别 1->男 2->女 3->保密', `avatar` VARCHAR(255) COMMENT '头像 图片地址', `city` VARCHAR(255) NOT NULL DEFAULT '秦皇岛' COMMENT '城市', `created_at` DATETIME NOT NULL, `updated_at` DATETIME NOT NULL, PRIMARY KEY (`id`)) ENGINE=InnoDB;
2021-07-27 09:33:28,671 INFO 6152 [egg-sequelize](2ms) Executed (default): SHOW INDEX FROM `users` FROM `egg-weibo`
2021-07-27 09:33:28,673 INFO 6152 [egg-sequelize](1ms) Executed (default): CREATE TABLE IF NOT EXISTS `blogs` (`id` INTEGER NOT NULL auto_increment , `user_id` INTEGER NOT NULL COMMENT '外键 userId -> users.id', `content` VARCHAR(255) NOT NULL COMMENT '图片', `image` TEXT COMMENT '微博内容', `created_at` DATETIME NOT NULL, `updated_at` DATETIME NOT NULL, PRIMARY KEY (`id`), FOREIGN KEY (`user_id`) REFERENCES `users` (`id`) ON DELETE NO ACTION ON UPDATE CASCADE) ENGINE=InnoDB;
2021-07-27 09:33:28,674 INFO 6152 [egg-sequelize](0ms) Executed (default): SHOW INDEX FROM `blogs` FROM `egg-weibo`
2021-07-27 09:33:28,676 INFO 6152 [egg-sequelize](1ms) Executed (default): CREATE TABLE IF NOT EXISTS `at_relations` (`id` INTEGER NOT NULL auto_increment , `user_id` INTEGER NOT NULL COMMENT '用户id', `blog_id` INTEGER NOT NULL COMMENT '博客id', `is_read` TINYINT(1) DEFAULT false COMMENT '是否已读', `created_at` DATETIME NOT NULL, `updated_at` DATETIME NOT NULL, PRIMARY KEY (`id`), FOREIGN KEY (`blog_id`) REFERENCES `blogs` (`id`) ON DELETE CASCADE ON UPDATE CASCADE) ENGINE=InnoDB;
2021-07-27 09:33:28,677 INFO 6152 [egg-sequelize](0ms) Executed (default): SHOW INDEX FROM `at_relations` FROM `egg-weibo`
2021-07-27 09:33:28,678 INFO 6152 [egg-sequelize](0ms) Executed (default): CREATE TABLE IF NOT EXISTS `user_relations` (`id` INTEGER NOT NULL auto_increment , `user_id` INTEGER NOT NULL COMMENT '用户id', `follower_id` INTEGER NOT NULL COMMENT '被关注人id', `created_at` DATETIME NOT NULL, `updated_at` DATETIME NOT NULL, PRIMARY KEY (`id`), FOREIGN KEY (`user_id`) REFERENCES `users` (`id`) ON DELETE CASCADE ON UPDATE CASCADE, FOREIGN KEY (`follower_id`) REFERENCES `users` (`id`) ON DELETE NO ACTION ON UPDATE CASCADE) ENGINE=InnoDB;
2021-07-27 09:33:28,680 INFO 6152 [egg-sequelize](1ms) Executed (default): SHOW INDEX FROM `user_relations` FROM `egg-weibo`
2021-07-27 09:33:39,593 INFO 2440 [egg-sequelize](1ms) Executed (default): SELECT 1+1 AS result
2021-07-27 09:33:39,595 INFO 2440 [egg-sequelize](3ms) Executed (default): CREATE TABLE IF NOT EXISTS `users` (`id` INTEGER NOT NULL auto_increment , `username` VARCHAR(255) NOT NULL UNIQUE COMMENT '用户名,唯一,不能为空', `nickname` VARCHAR(255) COMMENT '用户名,唯一,不能为空', `password` VARCHAR(255) NOT NULL COMMENT '密码', `gender` VARCHAR(255) NOT NULL DEFAULT 1 COMMENT '性别 1->男 2->女 3->保密', `avatar` VARCHAR(255) COMMENT '头像 图片地址', `city` VARCHAR(255) NOT NULL DEFAULT '秦皇岛' COMMENT '城市', `created_at` DATETIME NOT NULL, `updated_at` DATETIME NOT NULL, PRIMARY KEY (`id`)) ENGINE=InnoDB;
2021-07-27 09:33:39,600 INFO 2440 [egg-sequelize](3ms) Executed (default): SHOW INDEX FROM `users` FROM `egg-weibo`
2021-07-27 09:33:39,603 INFO 2440 [egg-sequelize](0ms) Executed (default): CREATE TABLE IF NOT EXISTS `blogs` (`id` INTEGER NOT NULL auto_increment , `user_id` INTEGER NOT NULL COMMENT '外键 userId -> users.id', `content` VARCHAR(255) NOT NULL COMMENT '图片', `image` TEXT COMMENT '微博内容', `created_at` DATETIME NOT NULL, `updated_at` DATETIME NOT NULL, PRIMARY KEY (`id`), FOREIGN KEY (`user_id`) REFERENCES `users` (`id`) ON DELETE NO ACTION ON UPDATE CASCADE) ENGINE=InnoDB;
2021-07-27 09:33:39,605 INFO 2440 [egg-sequelize](1ms) Executed (default): SHOW INDEX FROM `blogs` FROM `egg-weibo`
2021-07-27 09:33:39,606 INFO 2440 [egg-sequelize](0ms) Executed (default): CREATE TABLE IF NOT EXISTS `at_relations` (`id` INTEGER NOT NULL auto_increment , `user_id` INTEGER NOT NULL COMMENT '用户id', `blog_id` INTEGER NOT NULL COMMENT '博客id', `is_read` TINYINT(1) DEFAULT false COMMENT '是否已读', `created_at` DATETIME NOT NULL, `updated_at` DATETIME NOT NULL, PRIMARY KEY (`id`), FOREIGN KEY (`blog_id`) REFERENCES `blogs` (`id`) ON DELETE CASCADE ON UPDATE CASCADE) ENGINE=InnoDB;
2021-07-27 09:33:39,608 INFO 2440 [egg-sequelize](1ms) Executed (default): SHOW INDEX FROM `at_relations` FROM `egg-weibo`
2021-07-27 09:33:39,609 INFO 2440 [egg-sequelize](0ms) Executed (default): CREATE TABLE IF NOT EXISTS `user_relations` (`id` INTEGER NOT NULL auto_increment , `user_id` INTEGER NOT NULL COMMENT '用户id', `follower_id` INTEGER NOT NULL COMMENT '被关注人id', `created_at` DATETIME NOT NULL, `updated_at` DATETIME NOT NULL, PRIMARY KEY (`id`), FOREIGN KEY (`user_id`) REFERENCES `users` (`id`) ON DELETE CASCADE ON UPDATE CASCADE, FOREIGN KEY (`follower_id`) REFERENCES `users` (`id`) ON DELETE NO ACTION ON UPDATE CASCADE) ENGINE=InnoDB;
2021-07-27 09:33:39,611 INFO 2440 [egg-sequelize](1ms) Executed (default): SHOW INDEX FROM `user_relations` FROM `egg-weibo`
2021-07-27 09:33:42,913 INFO 6608 [egg-sequelize](1ms) Executed (default): SELECT 1+1 AS result
2021-07-27 09:33:42,917 INFO 6608 [egg-sequelize](4ms) Executed (default): CREATE TABLE IF NOT EXISTS `users` (`id` INTEGER NOT NULL auto_increment , `username` VARCHAR(255) NOT NULL UNIQUE COMMENT '用户名,唯一,不能为空', `nickname` VARCHAR(255) COMMENT '用户名,唯一,不能为空', `password` VARCHAR(255) NOT NULL COMMENT '密码', `gender` VARCHAR(255) NOT NULL DEFAULT 1 COMMENT '性别 1->男 2->女 3->保密', `avatar` VARCHAR(255) COMMENT '头像 图片地址', `city` VARCHAR(255) NOT NULL DEFAULT '秦皇岛' COMMENT '城市', `created_at` DATETIME NOT NULL, `updated_at` DATETIME NOT NULL, PRIMARY KEY (`id`)) ENGINE=InnoDB;
2021-07-27 09:33:42,920 INFO 6608 [egg-sequelize](1ms) Executed (default): SHOW INDEX FROM `users` FROM `egg-weibo`
2021-07-27 09:33:42,922 INFO 6608 [egg-sequelize](0ms) Executed (default): CREATE TABLE IF NOT EXISTS `blogs` (`id` INTEGER NOT NULL auto_increment , `user_id` INTEGER NOT NULL COMMENT '外键 userId -> users.id', `content` VARCHAR(255) NOT NULL COMMENT '图片', `image` TEXT COMMENT '微博内容', `created_at` DATETIME NOT NULL, `updated_at` DATETIME NOT NULL, PRIMARY KEY (`id`), FOREIGN KEY (`user_id`) REFERENCES `users` (`id`) ON DELETE NO ACTION ON UPDATE CASCADE) ENGINE=InnoDB;
2021-07-27 09:33:42,924 INFO 6608 [egg-sequelize](1ms) Executed (default): SHOW INDEX FROM `blogs` FROM `egg-weibo`
2021-07-27 09:33:42,925 INFO 6608 [egg-sequelize](0ms) Executed (default): CREATE TABLE IF NOT EXISTS `at_relations` (`id` INTEGER NOT NULL auto_increment , `user_id` INTEGER NOT NULL COMMENT '用户id', `blog_id` INTEGER NOT NULL COMMENT '博客id', `is_read` TINYINT(1) DEFAULT false COMMENT '是否已读', `created_at` DATETIME NOT NULL, `updated_at` DATETIME NOT NULL, PRIMARY KEY (`id`), FOREIGN KEY (`blog_id`) REFERENCES `blogs` (`id`) ON DELETE CASCADE ON UPDATE CASCADE) ENGINE=InnoDB;
2021-07-27 09:33:42,927 INFO 6608 [egg-sequelize](1ms) Executed (default): SHOW INDEX FROM `at_relations` FROM `egg-weibo`
2021-07-27 09:33:42,928 INFO 6608 [egg-sequelize](0ms) Executed (default): CREATE TABLE IF NOT EXISTS `user_relations` (`id` INTEGER NOT NULL auto_increment , `user_id` INTEGER NOT NULL COMMENT '用户id', `follower_id` INTEGER NOT NULL COMMENT '被关注人id', `created_at` DATETIME NOT NULL, `updated_at` DATETIME NOT NULL, PRIMARY KEY (`id`), FOREIGN KEY (`user_id`) REFERENCES `users` (`id`) ON DELETE CASCADE ON UPDATE CASCADE, FOREIGN KEY (`follower_id`) REFERENCES `users` (`id`) ON DELETE NO ACTION ON UPDATE CASCADE) ENGINE=InnoDB;
2021-07-27 09:33:42,930 INFO 6608 [egg-sequelize](1ms) Executed (default): SHOW INDEX FROM `user_relations` FROM `egg-weibo`
2021-07-27 09:33:49,128 INFO 5872 [egg-sequelize](1ms) Executed (default): SELECT 1+1 AS result
2021-07-27 09:33:49,130 INFO 5872 [egg-sequelize](3ms) Executed (default): CREATE TABLE IF NOT EXISTS `users` (`id` INTEGER NOT NULL auto_increment , `username` VARCHAR(255) NOT NULL UNIQUE COMMENT '用户名,唯一,不能为空', `nickname` VARCHAR(255) COMMENT '用户名,唯一,不能为空', `password` VARCHAR(255) NOT NULL COMMENT '密码', `gender` VARCHAR(255) NOT NULL DEFAULT 1 COMMENT '性别 1->男 2->女 3->保密', `avatar` VARCHAR(255) COMMENT '头像 图片地址', `city` VARCHAR(255) NOT NULL DEFAULT '秦皇岛' COMMENT '城市', `created_at` DATETIME NOT NULL, `updated_at` DATETIME NOT NULL, PRIMARY KEY (`id`)) ENGINE=InnoDB;
2021-07-27 09:33:49,137 INFO 5872 [egg-sequelize](2ms) Executed (default): SHOW INDEX FROM `users` FROM `egg-weibo`
2021-07-27 09:33:49,140 INFO 5872 [egg-sequelize](1ms) Executed (default): CREATE TABLE IF NOT EXISTS `blogs` (`id` INTEGER NOT NULL auto_increment , `user_id` INTEGER NOT NULL COMMENT '外键 userId -> users.id', `content` VARCHAR(255) NOT NULL COMMENT '图片', `image` TEXT COMMENT '微博内容', `created_at` DATETIME NOT NULL, `updated_at` DATETIME NOT NULL, PRIMARY KEY (`id`), FOREIGN KEY (`user_id`) REFERENCES `users` (`id`) ON DELETE NO ACTION ON UPDATE CASCADE) ENGINE=InnoDB;
2021-07-27 09:33:49,141 INFO 5872 [egg-sequelize](0ms) Executed (default): SHOW INDEX FROM `blogs` FROM `egg-weibo`
2021-07-27 09:33:49,143 INFO 5872 [egg-sequelize](0ms) Executed (default): CREATE TABLE IF NOT EXISTS `at_relations` (`id` INTEGER NOT NULL auto_increment , `user_id` INTEGER NOT NULL COMMENT '用户id', `blog_id` INTEGER NOT NULL COMMENT '博客id', `is_read` TINYINT(1) DEFAULT false COMMENT '是否已读', `created_at` DATETIME NOT NULL, `updated_at` DATETIME NOT NULL, PRIMARY KEY (`id`), FOREIGN KEY (`blog_id`) REFERENCES `blogs` (`id`) ON DELETE CASCADE ON UPDATE CASCADE) ENGINE=InnoDB;
2021-07-27 09:33:49,145 INFO 5872 [egg-sequelize](1ms) Executed (default): SHOW INDEX FROM `at_relations` FROM `egg-weibo`
2021-07-27 09:33:49,146 INFO 5872 [egg-sequelize](0ms) Executed (default): CREATE TABLE IF NOT EXISTS `user_relations` (`id` INTEGER NOT NULL auto_increment , `user_id` INTEGER NOT NULL COMMENT '用户id', `follower_id` INTEGER NOT NULL COMMENT '被关注人id', `created_at` DATETIME NOT NULL, `updated_at` DATETIME NOT NULL, PRIMARY KEY (`id`), FOREIGN KEY (`user_id`) REFERENCES `users` (`id`) ON DELETE CASCADE ON UPDATE CASCADE, FOREIGN KEY (`follower_id`) REFERENCES `users` (`id`) ON DELETE NO ACTION ON UPDATE CASCADE) ENGINE=InnoDB;
2021-07-27 09:33:49,147 INFO 5872 [egg-sequelize](0ms) Executed (default): SHOW INDEX FROM `user_relations` FROM `egg-weibo`
2021-07-27 09:33:53,369 INFO 14072 [egg-sequelize](1ms) Executed (default): SELECT 1+1 AS result
2021-07-27 09:33:53,371 INFO 14072 [egg-sequelize](3ms) Executed (default): CREATE TABLE IF NOT EXISTS `users` (`id` INTEGER NOT NULL auto_increment , `username` VARCHAR(255) NOT NULL UNIQUE COMMENT '用户名,唯一,不能为空', `nickname` VARCHAR(255) COMMENT '用户名,唯一,不能为空', `password` VARCHAR(255) NOT NULL COMMENT '密码', `gender` VARCHAR(255) NOT NULL DEFAULT 1 COMMENT '性别 1->男 2->女 3->保密', `avatar` VARCHAR(255) COMMENT '头像 图片地址', `city` VARCHAR(255) NOT NULL DEFAULT '秦皇岛' COMMENT '城市', `created_at` DATETIME NOT NULL, `updated_at` DATETIME NOT NULL, PRIMARY KEY (`id`)) ENGINE=InnoDB;
2021-07-27 09:33:53,375 INFO 14072 [egg-sequelize](1ms) Executed (default): SHOW INDEX FROM `users` FROM `egg-weibo`
2021-07-27 09:33:53,377 INFO 14072 [egg-sequelize](0ms) Executed (default): CREATE TABLE IF NOT EXISTS `blogs` (`id` INTEGER NOT NULL auto_increment , `user_id` INTEGER NOT NULL COMMENT '外键 userId -> users.id', `content` VARCHAR(255) NOT NULL COMMENT '图片', `image` TEXT COMMENT '微博内容', `created_at` DATETIME NOT NULL, `updated_at` DATETIME NOT NULL, PRIMARY KEY (`id`), FOREIGN KEY (`user_id`) REFERENCES `users` (`id`) ON DELETE NO ACTION ON UPDATE CASCADE) ENGINE=InnoDB;
2021-07-27 09:33:53,379 INFO 14072 [egg-sequelize](1ms) Executed (default): SHOW INDEX FROM `blogs` FROM `egg-weibo`
2021-07-27 09:33:53,381 INFO 14072 [egg-sequelize](0ms) Executed (default): CREATE TABLE IF NOT EXISTS `at_relations` (`id` INTEGER NOT NULL auto_increment , `user_id` INTEGER NOT NULL COMMENT '用户id', `blog_id` INTEGER NOT NULL COMMENT '博客id', `is_read` TINYINT(1) DEFAULT false COMMENT '是否已读', `created_at` DATETIME NOT NULL, `updated_at` DATETIME NOT NULL, PRIMARY KEY (`id`), FOREIGN KEY (`blog_id`) REFERENCES `blogs` (`id`) ON DELETE CASCADE ON UPDATE CASCADE) ENGINE=InnoDB;
2021-07-27 09:33:53,382 INFO 14072 [egg-sequelize](1ms) Executed (default): SHOW INDEX FROM `at_relations` FROM `egg-weibo`
2021-07-27 09:33:53,384 INFO 14072 [egg-sequelize](1ms) Executed (default): CREATE TABLE IF NOT EXISTS `user_relations` (`id` INTEGER NOT NULL auto_increment , `user_id` INTEGER NOT NULL COMMENT '用户id', `follower_id` INTEGER NOT NULL COMMENT '被关注人id', `created_at` DATETIME NOT NULL, `updated_at` DATETIME NOT NULL, PRIMARY KEY (`id`), FOREIGN KEY (`user_id`) REFERENCES `users` (`id`) ON DELETE CASCADE ON UPDATE CASCADE, FOREIGN KEY (`follower_id`) REFERENCES `users` (`id`) ON DELETE NO ACTION ON UPDATE CASCADE) ENGINE=InnoDB;
2021-07-27 09:33:53,386 INFO 14072 [egg-sequelize](1ms) Executed (default): SHOW INDEX FROM `user_relations` FROM `egg-weibo`
